0 info it worked if it ends with ok
1 verbose cli [ 'node', '/usr/local/bin/npm', 'owner', 'ls', 'angulartemp1' ]
2 info using npm@2.7.1
3 info using node@v0.12.0
4 verbose node symlink /usr/local/bin/node
5 silly mapToRegistry name angulartemp1
6 silly mapToRegistry using default registry
7 silly mapToRegistry registry https://registry.npmjs.org/
8 silly mapToRegistry uri https://registry.npmjs.org/angulartemp1
9 verbose request uri https://registry.npmjs.org/angulartemp1
10 verbose request no auth needed
11 info attempt registry request try #1 at 01:18:47
12 verbose request id c859ee6f59872f2c
13 http request GET https://registry.npmjs.org/angulartemp1
14 http 404 https://registry.npmjs.org/angulartemp1
15 verbose headers { date: 'Sun, 19 Apr 2015 08:18:48 GMT',
15 verbose headers   server: 'CouchDB/1.5.0 (Erlang OTP/R16B03)',
15 verbose headers   'content-type': 'application/json',
15 verbose headers   'cache-control': 'max-age=0',
15 verbose headers   'content-length': '51',
15 verbose headers   'accept-ranges': 'bytes',
15 verbose headers   via: '1.1 varnish',
15 verbose headers   age: '0',
15 verbose headers   'x-served-by': 'cache-sjc3134-SJC',
15 verbose headers   'x-cache': 'MISS',
15 verbose headers   'x-cache-hits': '0',
15 verbose headers   'x-timer': 'S1429431528.094203,VS0,VE366',
15 verbose headers   connection: 'close' }
16 silly get cb [ 404,
16 silly get   { date: 'Sun, 19 Apr 2015 08:18:48 GMT',
16 silly get     server: 'CouchDB/1.5.0 (Erlang OTP/R16B03)',
16 silly get     'content-type': 'application/json',
16 silly get     'cache-control': 'max-age=0',
16 silly get     'content-length': '51',
16 silly get     'accept-ranges': 'bytes',
16 silly get     via: '1.1 varnish',
16 silly get     age: '0',
16 silly get     'x-served-by': 'cache-sjc3134-SJC',
16 silly get     'x-cache': 'MISS',
16 silly get     'x-cache-hits': '0',
16 silly get     'x-timer': 'S1429431528.094203,VS0,VE366',
16 silly get     connection: 'close' } ]
17 error owner ls Couldn't get owner data angulartemp1
18 verbose stack Error: 404 Not Found: angulartemp1
18 verbose stack     at CachingRegistryClient.<anonymous> (/usr/local/lib/node_modules/npm/node_modules/npm-registry-client/lib/request.js:251:14)
18 verbose stack     at Request._callback (/usr/local/lib/node_modules/npm/node_modules/npm-registry-client/lib/request.js:178:14)
18 verbose stack     at Request.self.callback (/usr/local/lib/node_modules/npm/node_modules/request/request.js:344:22)
18 verbose stack     at Request.emit (events.js:110:17)
18 verbose stack     at Request.<anonymous> (/usr/local/lib/node_modules/npm/node_modules/request/request.js:1239:14)
18 verbose stack     at Request.emit (events.js:129:20)
18 verbose stack     at IncomingMessage.<anonymous> (/usr/local/lib/node_modules/npm/node_modules/request/request.js:1187:12)
18 verbose stack     at IncomingMessage.emit (events.js:129:20)
18 verbose stack     at _stream_readable.js:908:16
18 verbose stack     at process._tickCallback (node.js:355:11)
19 verbose statusCode 404
20 verbose pkgid angulartemp1
21 verbose cwd /Users/212391327/DummyApps/yeoman/heroku-grunt
22 error Darwin 13.4.0
23 error argv "node" "/usr/local/bin/npm" "owner" "ls" "angulartemp1"
24 error node v0.12.0
25 error npm  v2.7.1
26 error code E404
27 error 404 Not Found: angulartemp1
27 error 404
27 error 404 'angulartemp1' is not in the npm registry.
27 error 404 You should bug the author to publish it (or use the name yourself!)
27 error 404
27 error 404 Note that you can also install from a
27 error 404 tarball, folder, http url, or git url.
28 verbose exit [ 1, true ]
